SF:lib\core\errors\failure.dart
DA:4,10
DA:8,10
DA:12,0
DA:16,0
LF:4
LH:2
end_of_record
SF:lib\features\account_manag\domain\entities\account_entity.dart
DA:11,0
LF:1
LH:0
end_of_record
SF:lib\features\account_manag\domain\entities\update_account_result_entity.dart
DA:4,1
LF:1
LH:1
end_of_record
SF:lib\features\account_manag\domain\use_case\params\update_account_params.dart
DA:7,7
DA:14,0
DA:15,0
DA:16,0
DA:17,0
DA:18,0
LF:6
LH:1
end_of_record
SF:lib\features\account_manag\domain\use_case\update_account_use_case.dart
DA:10,1
DA:12,1
DA:15,2
LF:3
LH:3
end_of_record
SF:lib\features\app_services\domain\entities\account_select_item_entity.dart
DA:5,0
LF:1
LH:0
end_of_record
SF:lib\features\app_services\domain\entities\deposit_result_entity.dart
DA:4,2
LF:1
LH:1
end_of_record
SF:lib\features\app_services\domain\entities\notification_entity.dart
DA:7,0
LF:1
LH:0
end_of_record
SF:lib\features\app_services\domain\entities\scheduled_result_entity.dart
DA:7,2
DA:12,0
DA:13,0
LF:3
LH:1
end_of_record
SF:lib\features\app_services\domain\entities\transfer_result_entity.dart
DA:4,2
LF:1
LH:1
end_of_record
SF:lib\features\app_services\domain\entities\withdraw_result_entity.dart
DA:4,1
LF:1
LH:1
end_of_record
SF:lib\features\app_services\domain\use_case\params\deposit_params.dart
DA:6,7
DA:12,0
DA:13,0
DA:14,0
DA:15,0
LF:5
LH:1
end_of_record
SF:lib\features\app_services\domain\use_case\params\scheduled_params.dart
DA:10,7
DA:18,0
DA:19,0
LF:3
LH:1
end_of_record
SF:lib\features\app_services\domain\use_case\params\transfer_params.dart
DA:7,7
DA:14,0
DA:15,0
DA:16,0
DA:17,0
DA:18,0
LF:6
LH:1
end_of_record
SF:lib\features\app_services\domain\use_case\params\withdraw_params.dart
DA:6,7
DA:12,0
DA:13,0
DA:14,0
DA:15,0
LF:5
LH:1
end_of_record
SF:lib\features\create_account\domain\enities\create_account_entity.dart
DA:4,1
LF:1
LH:1
end_of_record
SF:lib\features\create_account\domain\use_case\params\create_account_params.dart
DA:7,7
DA:14,0
DA:15,0
DA:16,0
DA:17,0
DA:18,0
LF:6
LH:1
end_of_record
SF:lib\features\app_services\presentation\manager\app_services_cubit.dart
DA:29,2
DA:36,2
DA:38,1
DA:39,2
DA:43,3
DA:44,2
DA:45,2
DA:49,1
DA:50,2
DA:57,2
DA:59,1
DA:60,1
DA:61,4
DA:62,1
DA:63,2
DA:66,1
DA:70,1
DA:71,4
DA:72,1
DA:73,2
DA:82,2
DA:85,0
DA:86,2
DA:87,2
DA:89,1
DA:90,2
DA:92,1
DA:93,2
DA:99,2
DA:101,1
DA:102,1
DA:103,4
DA:104,1
DA:105,2
DA:107,1
DA:111,1
DA:112,4
DA:113,1
DA:114,2
DA:120,1
DA:121,1
DA:123,1
DA:125,2
DA:126,2
DA:127,2
DA:129,2
DA:130,2
DA:133,1
DA:134,1
DA:135,0
DA:139,2
DA:141,2
DA:142,2
DA:143,2
DA:144,2
DA:145,3
DA:146,3
DA:176,1
DA:177,2
DA:183,1
DA:190,2
DA:191,1
DA:192,1
DA:193,4
DA:194,4
DA:195,2
DA:196,1
DA:198,1
DA:202,1
DA:203,4
DA:204,1
DA:205,2
DA:207,1
DA:212,2
DA:213,1
DA:215,1
DA:221,2
DA:224,1
DA:225,2
DA:226,1
DA:228,1
DA:230,1
DA:232,2
DA:233,2
DA:234,2
DA:235,2
DA:238,1
DA:239,1
DA:240,0
DA:244,2
DA:246,1
DA:247,2
DA:249,1
DA:250,1
DA:251,0
DA:255,1
DA:256,2
DA:259,1
DA:261,2
DA:262,1
DA:264,2
DA:265,1
DA:267,2
DA:271,1
DA:273,1
DA:274,0
DA:275,0
DA:276,0
DA:277,0
DA:279,0
DA:280,0
DA:281,0
DA:282,0
DA:283,0
DA:285,0
DA:289,0
DA:290,0
DA:293,0
DA:294,0
DA:295,0
DA:297,0
DA:303,0
DA:304,0
DA:306,0
DA:313,1
DA:314,1
DA:315,1
DA:316,1
DA:317,1
DA:319,2
DA:320,1
DA:321,1
DA:322,1
DA:323,2
DA:325,1
DA:329,2
DA:330,2
DA:333,1
DA:334,1
DA:335,2
DA:337,1
DA:343,2
DA:344,1
DA:346,1
DA:353,1
DA:354,1
DA:355,1
DA:356,1
DA:357,1
DA:358,1
DA:360,2
DA:361,1
DA:362,1
DA:363,1
DA:364,2
DA:366,1
DA:370,2
DA:371,2
DA:374,1
DA:375,1
DA:376,2
DA:378,1
DA:384,2
DA:385,1
DA:387,1
DA:394,0
DA:395,0
DA:404,1
DA:406,2
DA:409,1
DA:410,3
DA:413,0
DA:414,0
DA:417,1
DA:418,3
DA:421,1
DA:422,3
DA:425,0
DA:426,0
DA:427,0
DA:430,0
DA:431,0
DA:432,0
DA:435,0
DA:436,0
DA:439,0
DA:440,0
DA:441,0
DA:444,0
DA:445,0
DA:446,0
DA:449,0
DA:450,0
DA:453,0
DA:454,0
LF:195
LH:150
end_of_record
SF:lib\features\app_services\presentation\manager\app_services_state.dart
DA:40,3
DA:65,0
DA:67,3
DA:90,3
DA:91,3
DA:92,3
DA:94,3
DA:96,3
DA:97,3
DA:98,2
DA:99,3
DA:100,3
DA:101,3
DA:102,3
DA:104,3
DA:105,3
DA:106,3
DA:108,3
DA:109,3
DA:110,3
DA:112,3
DA:114,3
DA:115,3
DA:120,2
DA:121,2
DA:122,2
DA:123,2
DA:124,2
DA:125,2
DA:126,2
DA:127,2
DA:128,2
DA:129,2
DA:130,2
DA:131,2
DA:132,2
DA:133,2
DA:134,2
DA:135,2
DA:136,2
DA:137,2
DA:138,2
DA:139,2
DA:140,2
LF:44
LH:43
end_of_record
SF:lib\features\app_services\domain\use_case\deposit_use_case.dart
DA:11,3
DA:13,2
DA:14,4
LF:3
LH:3
end_of_record
SF:lib\features\app_services\domain\use_case\scheduled_use_case.dart
DA:10,3
DA:12,2
DA:13,4
LF:3
LH:3
end_of_record
SF:lib\features\app_services\domain\use_case\transfer_use_case.dart
DA:10,3
DA:12,2
DA:13,4
LF:3
LH:3
end_of_record
SF:lib\features\app_services\domain\use_case\withdraw_use_case.dart
DA:10,3
DA:12,1
DA:13,2
LF:3
LH:3
end_of_record
SF:lib\features\app_services\domain\use_case\get_accounts_for_select_use_case.dart
DA:9,1
DA:11,1
DA:12,2
LF:3
LH:3
end_of_record
SF:lib\features\app_services\domain\use_case\notification_use_case.dart
DA:10,1
DA:12,1
DA:13,2
DA:14,2
LF:4
LH:4
end_of_record
SF:lib\core\enums\operation_type.dart
DA:25,1
LF:1
LH:1
end_of_record
SF:lib\core\events\app_event.dart
DA:2,1
LF:1
LH:1
end_of_record
SF:lib\core\events\app_event_bus.dart
DA:5,1
DA:7,3
DA:11,0
DA:13,3
DA:15,0
LF:5
LH:3
end_of_record
SF:lib\features\app_services\domain\chain\handlers\require_account_handler.dart
DA:6,1
DA:8,1
LF:2
LH:2
end_of_record
SF:lib\features\app_services\domain\chain\operation_handler.dart
DA:7,1
DA:8,1
DA:12,1
DA:13,1
DA:14,1
DA:15,2
LF:6
LH:6
end_of_record
SF:lib\features\app_services\domain\chain\operation_request.dart
DA:15,1
LF:1
LH:1
end_of_record
SF:lib\features\app_services\domain\chain\operation_result.dart
DA:5,1
DA:7,2
DA:8,2
LF:3
LH:3
end_of_record
SF:lib\features\app_services\domain\chain\handlers\require_amount_handler.dart
DA:6,1
DA:8,3
LF:2
LH:2
end_of_record
SF:lib\features\app_services\domain\chain\handlers\require_name_handler.dart
DA:6,1
DA:8,3
LF:2
LH:2
end_of_record
SF:lib\features\app_services\domain\chain\handlers\require_scheduled_fields_handler.dart
DA:7,1
DA:9,2
DA:11,3
DA:14,3
LF:4
LH:4
end_of_record
SF:lib\features\app_services\domain\chain\handlers\require_to_account_handler.dart
DA:7,1
DA:9,2
DA:10,3
LF:3
LH:3
end_of_record
SF:lib\features\app_services\domain\chain\operation_chain_factory.dart
DA:11,1
DA:13,1
DA:16,2
DA:17,2
DA:20,1
DA:21,2
DA:25,1
DA:26,2
LF:8
LH:8
end_of_record
SF:lib\features\app_services\domain\events\operation_events.dart
DA:8,1
DA:15,1
LF:2
LH:2
end_of_record
SF:lib\features\app_services\domain\strategies\deposit_strategy.dart
DA:7,0
DA:10,1
DA:12,1
DA:15,2
DA:18,2
DA:24,1
DA:29,1
LF:7
LH:6
end_of_record
SF:lib\features\app_services\domain\strategies\operation_strategy.dart
DA:9,1
DA:10,1
DA:17,2
DA:19,6
DA:20,8
DA:21,8
DA:22,4
LF:7
LH:7
end_of_record
SF:lib\features\app_services\domain\strategies\operation_strategy_factory.dart
DA:8,1
DA:10,1
DA:11,1
DA:13,1
DA:14,0
DA:16,1
DA:17,1
DA:21,0
LF:8
LH:6
end_of_record
SF:lib\features\app_services\domain\strategies\withdraw_strategy.dart
DA:6,1
DA:9,1
DA:11,1
DA:14,2
DA:17,2
DA:23,1
DA:28,1
LF:7
LH:7
end_of_record
SF:lib\features\app_services\domain\strategies\transfer_strategy.dart
DA:6,0
DA:9,1
DA:11,1
DA:14,2
DA:17,2
DA:20,2
DA:26,1
DA:31,1
LF:8
LH:7
end_of_record
SF:lib\features\create_account\domain\use_case\create_account_use_case.dart
DA:10,1
DA:12,1
DA:15,2
LF:3
LH:3
end_of_record
